<?xml version="1.0" encoding="UTF-8"?>
<testsuite xmlns:xsi="http://www.w3.org/2001/XMLSchema-instance" xsi:noNamespaceSchemaLocation="https://maven.apache.org/surefire/maven-surefire-plugin/xsd/surefire-test-report-3.0.xsd" version="3.0" name="com.nnk.springboot.TU.api.ApiCurvePointControllerTest" time="0.068" tests="9" errors="0" skipped="0" failures="0">
  <properties>
[...]
</properties>
  <testcase name="getAllRecords_success" classname="com.nnk.springboot.TU.api.ApiCurvePointControllerTest" time="0.034">
    <system-out><![CDATA[2022-10-17 16:10:49.128  INFO 12652 --- [           main] c.n.s.c.api.ApiCurvePointController      : curve points trouvés.
]]></system-out>
  </testcase>
  <testcase name="putARecord_success" classname="com.nnk.springboot.TU.api.ApiCurvePointControllerTest" time="0.003">
    <system-out><![CDATA[2022-10-17 16:10:49.131  INFO 12652 --- [           main] c.n.s.c.api.ApiCurvePointController      : Update CurvePoint : status Ok.
]]></system-out>
  </testcase>
  <testcase name="deleteARecord_success" classname="com.nnk.springboot.TU.api.ApiCurvePointControllerTest" time="0.003">
    <system-out><![CDATA[2022-10-17 16:10:49.135  INFO 12652 --- [           main] c.n.s.c.api.ApiCurvePointController      : Delete CurvePoint : status Trouvé.
]]></system-out>
  </testcase>
  <testcase name="createARecord_success" classname="com.nnk.springboot.TU.api.ApiCurvePointControllerTest" time="0.003">
    <system-out><![CDATA[2022-10-17 16:10:49.140  INFO 12652 --- [           main] c.n.s.c.api.ApiCurvePointController      : Create CurvePoint : status Créé.
]]></system-out>
  </testcase>
  <testcase name="getAllRecords_failing" classname="com.nnk.springboot.TU.api.ApiCurvePointControllerTest" time="0.003">
    <system-out><![CDATA[2022-10-17 16:10:49.144 ERROR 12652 --- [           main] c.n.s.c.api.ApiCurvePointController      : Find all curvePoint : status Non trouvé.
]]></system-out>
  </testcase>
  <testcase name="putARecord_failing" classname="com.nnk.springboot.TU.api.ApiCurvePointControllerTest" time="0.003">
    <system-out><![CDATA[2022-10-17 16:10:49.148 ERROR 12652 --- [           main] c.n.s.c.api.ApiCurvePointController      : update CurvePoint : status Non trouvé.
]]></system-out>
  </testcase>
  <testcase name="createARecord_failing" classname="com.nnk.springboot.TU.api.ApiCurvePointControllerTest" time="0.003">
    <system-out><![CDATA[2022-10-17 16:10:49.151 ERROR 12652 --- [           main] c.n.s.c.api.ApiCurvePointController      : create CurvePoint : status Non trouvé.
]]></system-out>
  </testcase>
  <testcase name="findOneRecord_success" classname="com.nnk.springboot.TU.api.ApiCurvePointControllerTest" time="0.005">
    <system-out><![CDATA[2022-10-17 16:10:49.156  INFO 12652 --- [           main] c.n.s.c.api.ApiCurvePointController      : status CurvePoint trouvé.
]]></system-out>
  </testcase>
  <testcase name="findOneRecord_failing" classname="com.nnk.springboot.TU.api.ApiCurvePointControllerTest" time="0.003">
    <system-out><![CDATA[2022-10-17 16:10:49.160 ERROR 12652 --- [           main] c.n.s.c.api.ApiCurvePointController      : FindOneCurvePoint : status Non trouvé.
]]></system-out>
  </testcase>
</testsuite>