<?xml version="1.0" encoding="UTF-8"?>
<testsuite xmlns:xsi="http://www.w3.org/2001/XMLSchema-instance" xsi:noNamespaceSchemaLocation="https://maven.apache.org/surefire/maven-surefire-plugin/xsd/surefire-test-report-3.0.xsd" version="3.0" name="com.nnk.springboot.TI.BidListControllerIT" time="13.332" tests="2" errors="0" skipped="0" failures="0">
  <properties>
[...]
</properties>
  <testcase name="BidListIntegrationTest" classname="com.nnk.springboot.TI.BidListControllerIT" time="1.331">
    <system-out><![CDATA[17:16:38.966 [main] DEBUG org.springframework.test.context.BootstrapUtils - Instantiating CacheAwareContextLoaderDelegate from class [org.springframework.test.context.cache.DefaultCacheAwareContextLoaderDelegate]
17:16:38.991 [main] DEBUG org.springframework.test.context.BootstrapUtils - Instantiating BootstrapContext using constructor [public org.springframework.test.context.support.DefaultBootstrapContext(java.lang.Class,org.springframework.test.context.CacheAwareContextLoaderDelegate)]
17:16:39.084 [main] DEBUG org.springframework.test.context.BootstrapUtils - Instantiating TestContextBootstrapper for test class [com.nnk.springboot.TI.BidListControllerIT] from class [org.springframework.boot.test.context.SpringBootTestContextBootstrapper]
17:16:39.108 [main] INFO org.springframework.boot.test.context.SpringBootTestContextBootstrapper - Neither @ContextConfiguration nor @ContextHierarchy found for test class [com.nnk.springboot.TI.BidListControllerIT], using SpringBootContextLoader
17:16:39.120 [main] DEBUG org.springframework.test.context.support.AbstractContextLoader - Did not detect default resource location for test class [com.nnk.springboot.TI.BidListControllerIT]: class path resource [com/nnk/springboot/TI/BidListControllerIT-context.xml] does not exist
17:16:39.121 [main] DEBUG org.springframework.test.context.support.AbstractContextLoader - Did not detect default resource location for test class [com.nnk.springboot.TI.BidListControllerIT]: class path resource [com/nnk/springboot/TI/BidListControllerITContext.groovy] does not exist
17:16:39.121 [main] INFO org.springframework.test.context.support.AbstractContextLoader - Could not detect default resource locations for test class [com.nnk.springboot.TI.BidListControllerIT]: no resource found for suffixes {-context.xml, Context.groovy}.
17:16:39.122 [main] INFO org.springframework.test.context.support.AnnotationConfigContextLoaderUtils - Could not detect default configuration classes for test class [com.nnk.springboot.TI.BidListControllerIT]: BidListControllerIT does not declare any static, non-private, non-final, nested classes annotated with @Configuration.
17:16:39.418 [main] DEBUG org.springframework.context.annotation.ClassPathScanningCandidateComponentProvider - Identified candidate component class: file [D:\Documents\OpenClassrooms\P7-Chambe-Jean-Noel\Poseidon\Poseiden-skeleton\target\classes\com\nnk\springboot\Application.class]
17:16:39.420 [main] INFO org.springframework.boot.test.context.SpringBootTestContextBootstrapper - Found @SpringBootConfiguration com.nnk.springboot.Application for test class com.nnk.springboot.TI.BidListControllerIT
17:16:39.713 [main] DEBUG org.springframework.boot.test.context.SpringBootTestContextBootstrapper - @TestExecutionListeners is not present for class [com.nnk.springboot.TI.BidListControllerIT]: using defaults.
17:16:39.714 [main] INFO org.springframework.boot.test.context.SpringBootTestContextBootstrapper - Loaded default TestExecutionListener class names from location [META-INF/spring.factories]: [org.springframework.boot.test.mock.mockito.MockitoTestExecutionListener, org.springframework.boot.test.mock.mockito.ResetMocksTestExecutionListener, org.springframework.boot.test.autoconfigure.restdocs.RestDocsTestExecutionListener, org.springframework.boot.test.autoconfigure.web.client.MockRestServiceServerResetTestExecutionListener, org.springframework.boot.test.autoconfigure.web.servlet.MockMvcPrintOnlyOnFailureTestExecutionListener, org.springframework.boot.test.autoconfigure.web.servlet.WebDriverTestExecutionListener, org.springframework.boot.test.autoconfigure.webservices.client.MockWebServiceServerTestExecutionListener, org.springframework.test.context.web.ServletTestExecutionListener, org.springframework.test.context.support.DirtiesContextBeforeModesTestExecutionListener, org.springframework.test.context.event.ApplicationEventsTestExecutionListener, org.springframework.test.context.support.DependencyInjectionTestExecutionListener, org.springframework.test.context.support.DirtiesContextTestExecutionListener, org.springframework.test.context.transaction.TransactionalTestExecutionListener, org.springframework.test.context.jdbc.SqlScriptsTestExecutionListener, org.springframework.test.context.event.EventPublishingTestExecutionListener, org.springframework.security.test.context.support.WithSecurityContextTestExecutionListener, org.springframework.security.test.context.support.ReactorContextTestExecutionListener]
17:16:39.773 [main] INFO org.springframework.boot.test.context.SpringBootTestContextBootstrapper - Using TestExecutionListeners: [org.springframework.test.context.web.ServletTestExecutionListener@75adb1c0, org.springframework.test.context.support.DirtiesContextBeforeModesTestExecutionListener@5cfe28e1, org.springframework.test.context.event.ApplicationEventsTestExecutionListener@7ac90dab, org.springframework.boot.test.mock.mockito.MockitoTestExecutionListener@40d370fa, org.springframework.boot.test.autoconfigure.SpringBootDependencyInjectionTestExecutionListener@5868ea91, org.springframework.test.context.support.DirtiesContextTestExecutionListener@757c685d, org.springframework.test.context.transaction.TransactionalTestExecutionListener@476a970c, org.springframework.test.context.jdbc.SqlScriptsTestExecutionListener@1ce57bbb, org.springframework.test.context.event.EventPublishingTestExecutionListener@34626d4, org.springframework.security.test.context.support.WithSecurityContextTestExecutionListener@15ee8861, org.springframework.security.test.context.support.ReactorContextTestExecutionListener@6afaf27, org.springframework.boot.test.mock.mockito.ResetMocksTestExecutionListener@31a024ea, org.springframework.boot.test.autoconfigure.restdocs.RestDocsTestExecutionListener@362c48c, org.springframework.boot.test.autoconfigure.web.client.MockRestServiceServerResetTestExecutionListener@62aee901, org.springframework.boot.test.autoconfigure.web.servlet.MockMvcPrintOnlyOnFailureTestExecutionListener@1983a4e4, org.springframework.boot.test.autoconfigure.web.servlet.WebDriverTestExecutionListener@29b4444a, org.springframework.boot.test.autoconfigure.webservices.client.MockWebServiceServerTestExecutionListener@3ce7a354]
17:16:39.781 [main] DEBUG org.springframework.test.context.support.AbstractDirtiesContextTestExecutionListener - Before test class: context [DefaultTestContext@687f62a5 testClass = BidListControllerIT, testInstance = [null], testMethod = [null], testException = [null], mergedContextConfiguration = [WebMergedContextConfiguration@7857cb1d testClass = BidListControllerIT, locations = '{}', classes = '{class com.nnk.springboot.Application}', contextInitializerClasses = '[]', activeProfiles = '{test}', propertySourceLocations = '{}', propertySourceProperties = '{org.springframework.boot.test.context.SpringBootTestContextBootstrapper=true}', contextCustomizers = set[[ImportsContextCustomizer@7646c9f5 key = [org.springframework.boot.test.autoconfigure.web.servlet.MockMvcAutoConfiguration, org.springframework.boot.test.autoconfigure.web.servlet.MockMvcWebClientAutoConfiguration, org.springframework.boot.test.autoconfigure.web.servlet.MockMvcWebDriverAutoConfiguration, org.springframework.boot.autoconfigure.security.oauth2.client.servlet.OAuth2ClientAutoConfiguration, org.springframework.boot.autoconfigure.security.oauth2.resource.servlet.OAuth2ResourceServerAutoConfiguration, org.springframework.boot.autoconfigure.security.servlet.SecurityAutoConfiguration, org.springframework.boot.autoconfigure.security.servlet.SecurityFilterAutoConfiguration, org.springframework.boot.autoconfigure.security.servlet.UserDetailsServiceAutoConfiguration, org.springframework.boot.test.autoconfigure.web.servlet.MockMvcSecurityConfiguration, org.springframework.boot.test.autoconfigure.web.reactive.WebTestClientAutoConfiguration]], org.springframework.boot.test.context.filter.ExcludeFilterContextCustomizer@427308f8, org.springframework.boot.test.json.DuplicateJsonObjectContextCustomizerFactory$DuplicateJsonObjectContextCustomizer@2baac4a7, org.springframework.boot.test.mock.mockito.MockitoContextCustomizer@0, org.springframework.boot.test.web.client.TestRestTemplateContextCustomizer@2a04ab05, org.springframework.boot.test.autoconfigure.actuate.metrics.MetricsExportContextCustomizerFactory$DisableMetricExportContextCustomizer@2ad7bd26, org.springframework.boot.test.autoconfigure.properties.PropertyMappingContextCustomizer@4b3fa0b3, org.springframework.boot.test.autoconfigure.web.servlet.WebDriverContextCustomizerFactory$Customizer@611c3eae, org.springframework.boot.test.context.SpringBootTestArgs@1, org.springframework.boot.test.context.SpringBootTestWebEnvironment@4d7e7435], resourceBasePath = 'src/main/webapp', contextLoader = 'org.springframework.boot.test.context.SpringBootContextLoader', parent = [null]], attributes = map['org.springframework.test.context.web.ServletTestExecutionListener.activateListener' -> true]], class annotated with @DirtiesContext [false] with mode [null].
17:16:39.913 [main] DEBUG org.springframework.boot.ApplicationServletEnvironment - Activating profiles []
17:16:39.922 [main] DEBUG org.springframework.test.context.support.TestPropertySourceUtils - Adding inlined properties to environment: {spring.jmx.enabled=false, org.springframework.boot.test.context.SpringBootTestContextBootstrapper=true}

  .   ____          _            __ _ _
 /\\ / ___'_ __ _ _(_)_ __  __ _ \ \ \ \
( ( )\___ | '_ | '_| | '_ \/ _` | \ \ \ \
 \\/  ___)| |_)| | | | | || (_| |  ) ) ) )
  '  |____| .__|_| |_|_| |_\__, | / / / /
 =========|_|==============|___/=/_/_/_/
 :: Spring Boot ::                (v2.6.2)

2022-10-18 17:16:40.594  INFO 20364 --- [           main] c.nnk.springboot.TI.BidListControllerIT  : Starting BidListControllerIT using Java 11.0.15 on AX0538 with PID 20364 (started by jean-noel.chambe in D:\Documents\OpenClassrooms\P7-Chambe-Jean-Noel\Poseidon\Poseiden-skeleton)
2022-10-18 17:16:40.596  INFO 20364 --- [           main] c.nnk.springboot.TI.BidListControllerIT  : The following profiles are active: test
2022-10-18 17:16:42.250  INFO 20364 --- [           main] .s.d.r.c.RepositoryConfigurationDelegate : Bootstrapping Spring Data JPA repositories in DEFAULT mode.
2022-10-18 17:16:42.400  INFO 20364 --- [           main] .s.d.r.c.RepositoryConfigurationDelegate : Finished Spring Data repository scanning in 130 ms. Found 6 JPA repository interfaces.
2022-10-18 17:16:43.456  INFO 20364 --- [           main] com.zaxxer.hikari.HikariDataSource       : HikariPool-1 - Starting...
2022-10-18 17:16:43.985  INFO 20364 --- [           main] com.zaxxer.hikari.HikariDataSource       : HikariPool-1 - Start completed.
2022-10-18 17:16:44.256  INFO 20364 --- [           main] o.hibernate.jpa.internal.util.LogHelper  : HHH000204: Processing PersistenceUnitInfo [name: default]
2022-10-18 17:16:44.376  INFO 20364 --- [           main] org.hibernate.Version                    : HHH000412: Hibernate ORM core version 5.6.3.Final
2022-10-18 17:16:44.739  INFO 20364 --- [           main] o.hibernate.annotations.common.Version   : HCANN000001: Hibernate Commons Annotations {5.1.2.Final}
2022-10-18 17:16:45.980  INFO 20364 --- [           main] org.hibernate.dialect.Dialect            : HHH000400: Using dialect: org.hibernate.dialect.H2Dialect
Hibernate: create sequence hibernate_sequence start with 1 increment by 1
2022-10-18 17:16:47.430  INFO 20364 --- [           main] o.h.e.t.j.p.i.JtaPlatformInitiator       : HHH000490: Using JtaPlatform implementation: [org.hibernate.engine.transaction.jta.platform.internal.NoJtaPlatform]
2022-10-18 17:16:47.451  INFO 20364 --- [           main] j.LocalContainerEntityManagerFactoryBean : Initialized JPA EntityManagerFactory for persistence unit 'default'
2022-10-18 17:16:47.650  WARN 20364 --- [           main] JpaBaseConfiguration$JpaWebConfiguration : spring.jpa.open-in-view is enabled by default. Therefore, database queries may be performed during view rendering. Explicitly configure spring.jpa.open-in-view to disable this warning
2022-10-18 17:16:49.152  INFO 20364 --- [           main] o.s.s.web.DefaultSecurityFilterChain     : Will secure any request with [org.springframework.security.web.context.request.async.WebAsyncManagerIntegrationFilter@490f83f4, org.springframework.security.web.context.SecurityContextPersistenceFilter@29c58769, org.springframework.security.web.header.HeaderWriterFilter@74d7a6b3, org.springframework.security.web.authentication.logout.LogoutFilter@30bd7b68, org.springframework.security.oauth2.client.web.OAuth2AuthorizationRequestRedirectFilter@3438a016, org.springframework.security.oauth2.client.web.OAuth2LoginAuthenticationFilter@14fe52e9, org.springframework.security.web.authentication.UsernamePasswordAuthenticationFilter@3551f71e, org.springframework.security.web.savedrequest.RequestCacheAwareFilter@97b8f7f, org.springframework.security.web.servletapi.SecurityContextHolderAwareRequestFilter@50550cc1, org.springframework.security.web.authentication.AnonymousAuthenticationFilter@2d0acb2f, org.springframework.security.web.session.SessionManagementFilter@4f750184, org.springframework.security.web.access.ExceptionTranslationFilter@4cf501f, org.springframework.security.web.access.intercept.FilterSecurityInterceptor@63acd092]
2022-10-18 17:16:49.958  INFO 20364 --- [           main] o.s.b.a.h2.H2ConsoleAutoConfiguration    : H2 console available at '/h2'. Database available at 'jdbc:h2:mem:poseidon'
2022-10-18 17:16:50.671  INFO 20364 --- [           main] o.s.b.t.m.w.SpringBootMockServletContext : Initializing Spring TestDispatcherServlet ''
2022-10-18 17:16:50.672  INFO 20364 --- [           main] o.s.t.web.servlet.TestDispatcherServlet  : Initializing Servlet ''
2022-10-18 17:16:50.673  INFO 20364 --- [           main] o.s.t.web.servlet.TestDispatcherServlet  : Completed initialization in 1 ms
2022-10-18 17:16:50.705  INFO 20364 --- [           main] c.nnk.springboot.TI.BidListControllerIT  : Started BidListControllerIT in 10.781 seconds (JVM running for 13.613)
Hibernate: select bidlist0_.bidlistid as bidlisti1_0_, bidlist0_.account as account2_0_, bidlist0_.ask as ask3_0_, bidlist0_.askquantity as askquant4_0_, bidlist0_.benchmark as benchmar5_0_, bidlist0_.bid as bid6_0_, bidlist0_.bidlistdate as bidlistd7_0_, bidlist0_.bidquantity as bidquant8_0_, bidlist0_.book as book9_0_, bidlist0_.commentary as comment10_0_, bidlist0_.creationdate as creatio11_0_, bidlist0_.creationname as creatio12_0_, bidlist0_.dealname as dealnam13_0_, bidlist0_.dealtype as dealtyp14_0_, bidlist0_.revisiondate as revisio15_0_, bidlist0_.revisionname as revisio16_0_, bidlist0_.security as securit17_0_, bidlist0_.side as side18_0_, bidlist0_.sourcelistid as sourcel19_0_, bidlist0_.status as status20_0_, bidlist0_.trader as trader21_0_, bidlist0_.type as type22_0_ from bidlist bidlist0_
2022-10-18 17:16:51.397  INFO 20364 --- [           main] c.n.s.controllers.BidListController      : Requête de Read de BidList
Hibernate: select bidlist0_.bidlistid as bidlisti1_0_, bidlist0_.account as account2_0_, bidlist0_.ask as ask3_0_, bidlist0_.askquantity as askquant4_0_, bidlist0_.benchmark as benchmar5_0_, bidlist0_.bid as bid6_0_, bidlist0_.bidlistdate as bidlistd7_0_, bidlist0_.bidquantity as bidquant8_0_, bidlist0_.book as book9_0_, bidlist0_.commentary as comment10_0_, bidlist0_.creationdate as creatio11_0_, bidlist0_.creationname as creatio12_0_, bidlist0_.dealname as dealnam13_0_, bidlist0_.dealtype as dealtyp14_0_, bidlist0_.revisiondate as revisio15_0_, bidlist0_.revisionname as revisio16_0_, bidlist0_.security as securit17_0_, bidlist0_.side as side18_0_, bidlist0_.sourcelistid as sourcel19_0_, bidlist0_.status as status20_0_, bidlist0_.trader as trader21_0_, bidlist0_.type as type22_0_ from bidlist bidlist0_
]]></system-out>
  </testcase>
  <testcase name="addBidListIntegrationTest" classname="com.nnk.springboot.TI.BidListControllerIT" time="0.06">
    <system-out><![CDATA[2022-10-18 17:16:52.099  INFO 20364 --- [           main] c.n.s.controllers.BidListController      : Requête (Get) de Add de BidList
Hibernate: select bidlist0_.bidlistid as bidlisti1_0_0_, bidlist0_.account as account2_0_0_, bidlist0_.ask as ask3_0_0_, bidlist0_.askquantity as askquant4_0_0_, bidlist0_.benchmark as benchmar5_0_0_, bidlist0_.bid as bid6_0_0_, bidlist0_.bidlistdate as bidlistd7_0_0_, bidlist0_.bidquantity as bidquant8_0_0_, bidlist0_.book as book9_0_0_, bidlist0_.commentary as comment10_0_0_, bidlist0_.creationdate as creatio11_0_0_, bidlist0_.creationname as creatio12_0_0_, bidlist0_.dealname as dealnam13_0_0_, bidlist0_.dealtype as dealtyp14_0_0_, bidlist0_.revisiondate as revisio15_0_0_, bidlist0_.revisionname as revisio16_0_0_, bidlist0_.security as securit17_0_0_, bidlist0_.side as side18_0_0_, bidlist0_.sourcelistid as sourcel19_0_0_, bidlist0_.status as status20_0_0_, bidlist0_.trader as trader21_0_0_, bidlist0_.type as type22_0_0_ from bidlist bidlist0_ where bidlist0_.bidlistid=?
]]></system-out>
  </testcase>
</testsuite>